#
# There is insufficient memory for the Java Runtime Environment to continue.
# Native memory allocation (malloc) failed to allocate 32744 bytes for ChunkPool::allocate
# Possible reasons:
#   The system is out of physical RAM or swap space
#   The process is running with CompressedOops enabled, and the Java Heap may be blocking the growth of the native heap
# Possible solutions:
#   Reduce memory load on the system
#   Increase physical memory or swap space
#   Check if swap backing store is full
#   Decrease Java heap size (-Xmx/-Xms)
#   Decrease number of Java threads
#   Decrease Java thread stack sizes (-Xss)
#   Set larger code cache with -XX:ReservedCodeCacheSize=
#   JVM is running with Zero Based Compressed Oops mode in which the Java heap is
#     placed in the first 32GB address space. The Java Heap base address is the
#     maximum limit for the native heap growth. Please use -XX:HeapBaseMinAddress
#     to set the Java Heap base and to place the Java Heap above 32GB virtual address.
# This output file may be truncated or incomplete.
#
#  Out of Memory Error (arena.cpp:78), pid=12468, tid=12724
#
# JRE version: OpenJDK Runtime Environment (17.0.2+8) (build 17.0.2+8-86)
# Java VM: OpenJDK 64-Bit Server VM (17.0.2+8-86, mixed mode, sharing, tiered, compressed oops, compressed class ptrs, g1 gc, windows-amd64)
# No core dump will be written. Minidumps are not enabled by default on client versions of Windows
#

---------------  S U M M A R Y ------------

Command Line: -Dclassworlds.conf=C:\Maven\apache-maven-3.9.0\bin\m2.conf -Dmaven.home=C:\Maven\apache-maven-3.9.0 -Dlibrary.jansi.path=C:\Maven\apache-maven-3.9.0\lib\jansi-native -Dmaven.multiModuleProjectDirectory=F:\AWS\Tasks\AWS_Serverless_tasks\task02 org.codehaus.plexus.classworlds.launcher.Launcher clean install

Host: Intel(R) Core(TM) i5-8250U CPU @ 1.60GHz, 8 cores, 15G,  Windows 10 , 64 bit Build 19041 (10.0.19041.3636)
Time: Fri Apr 19 00:28:16 2024 FLE Daylight Time elapsed time: 2.540665 seconds (0d 0h 0m 2s)

---------------  T H R E A D  ---------------

Current thread (0x00000224d4bf8490):  JavaThread "C2 CompilerThread1" daemon [_thread_in_native, id=12724, stack(0x0000002ada200000,0x0000002ada300000)]


Current CompileTask:
C2:   2540 3860       4       org.codehaus.plexus.util.xml.Xpp3DomBuilder::build (413 bytes)

Stack: [0x0000002ada200000,0x0000002ada300000]
Native frames: (J=compiled Java code, j=interpreted, Vv=VM code, C=native code)
V  [jvm.dll+0x670baa]
V  [jvm.dll+0x7cfcb4]
V  [jvm.dll+0x7d145e]
V  [jvm.dll+0x7d1ac3]
V  [jvm.dll+0x242bc5]
V  [jvm.dll+0xaa7c0]
V  [jvm.dll+0xaab0c]
V  [jvm.dll+0x64daa8]
V  [jvm.dll+0x64d9c4]
V  [jvm.dll+0x64ece]
V  [jvm.dll+0x5fdc49]
V  [jvm.dll+0x5fdf84]
V  [jvm.dll+0x5fdbec]
V  [jvm.dll+0x5fdf84]
V  [jvm.dll+0x5fdbec]
V  [jvm.dll+0x5fdf84]
V  [jvm.dll+0x5fdbec]
V  [jvm.dll+0x6035ab]
V  [jvm.dll+0x604372]
V  [jvm.dll+0x6028d4]
V  [jvm.dll+0x215b08]
V  [jvm.dll+0x2150b1]
V  [jvm.dll+0x1a1bbd]
V  [jvm.dll+0x224908]
V  [jvm.dll+0x222a6c]
V  [jvm.dll+0x7859bb]
V  [jvm.dll+0x77ff7a]
V  [jvm.dll+0x66fa35]
C  [ucrtbase.dll+0x21bb2]
C  [KERNEL32.DLL+0x17344]
C  [ntdll.dll+0x526b1]


---------------  P R O C E S S  ---------------

Threads class SMR info:
_java_thread_list=0x00000224d5187ee0, length=14, elements={
0x00000224b0ff7290, 0x00000224d3cb8e90, 0x00000224d3cb9d00, 0x00000224d3cd0200,
0x00000224d3cd0db0, 0x00000224d3cd3870, 0x00000224d3cd4220, 0x00000224d3cd4fb0,
0x00000224d3cd7a60, 0x00000224d482a0b0, 0x00000224d49b3830, 0x00000224d49b9da0,
0x00000224d4bf8490, 0x00000224d5261090
}

Java Threads: ( => current thread )
  0x00000224b0ff7290 JavaThread "main" [_thread_in_Java, id=20216, stack(0x0000002ad8f00000,0x0000002ad9000000)]
  0x00000224d3cb8e90 JavaThread "Reference Handler" daemon [_thread_blocked, id=12312, stack(0x0000002ad9600000,0x0000002ad9700000)]
  0x00000224d3cb9d00 JavaThread "Finalizer" daemon [_thread_blocked, id=1092, stack(0x0000002ad9700000,0x0000002ad9800000)]
  0x00000224d3cd0200 JavaThread "Signal Dispatcher" daemon [_thread_blocked, id=12048, stack(0x0000002ad9800000,0x0000002ad9900000)]
  0x00000224d3cd0db0 JavaThread "Attach Listener" daemon [_thread_blocked, id=14612, stack(0x0000002ad9900000,0x0000002ad9a00000)]
  0x00000224d3cd3870 JavaThread "Service Thread" daemon [_thread_blocked, id=13756, stack(0x0000002ad9a00000,0x0000002ad9b00000)]
  0x00000224d3cd4220 JavaThread "Monitor Deflation Thread" daemon [_thread_blocked, id=1868, stack(0x0000002ad9b00000,0x0000002ad9c00000)]
  0x00000224d3cd4fb0 JavaThread "C2 CompilerThread0" daemon [_thread_in_native, id=19260, stack(0x0000002ad9c00000,0x0000002ad9d00000)]
  0x00000224d3cd7a60 JavaThread "C1 CompilerThread0" daemon [_thread_blocked, id=20372, stack(0x0000002ad9d00000,0x0000002ad9e00000)]
  0x00000224d482a0b0 JavaThread "Sweeper thread" daemon [_thread_blocked, id=5936, stack(0x0000002ad9e00000,0x0000002ad9f00000)]
  0x00000224d49b3830 JavaThread "Notification Thread" daemon [_thread_blocked, id=1912, stack(0x0000002ad9f00000,0x0000002ada000000)]
  0x00000224d49b9da0 JavaThread "Common-Cleaner" daemon [_thread_blocked, id=2064, stack(0x0000002ada100000,0x0000002ada200000)]
=>0x00000224d4bf8490 JavaThread "C2 CompilerThread1" daemon [_thread_in_native, id=12724, stack(0x0000002ada200000,0x0000002ada300000)]
  0x00000224d5261090 JavaThread "C2 CompilerThread2" daemon [_thread_in_native, id=17588, stack(0x0000002ada300000,0x0000002ada400000)]

Other Threads:
  0x00000224d3cb49e0 VMThread "VM Thread" [stack: 0x0000002ad9500000,0x0000002ad9600000] [id=1852]
  0x00000224d490bf70 WatcherThread [stack: 0x0000002ada000000,0x0000002ada100000] [id=12884]
  0x00000224b1045ea0 GCTaskThread "GC Thread#0" [stack: 0x0000002ad9000000,0x0000002ad9100000] [id=19628]
  0x00000224d54f09c0 GCTaskThread "GC Thread#1" [stack: 0x0000002ada400000,0x0000002ada500000] [id=20980]
  0x00000224d54f0c70 GCTaskThread "GC Thread#2" [stack: 0x0000002ada500000,0x0000002ada600000] [id=11252]
  0x00000224d54f0f20 GCTaskThread "GC Thread#3" [stack: 0x0000002ada600000,0x0000002ada700000] [id=20816]
  0x00000224d52c0650 GCTaskThread "GC Thread#4" [stack: 0x0000002ada700000,0x0000002ada800000] [id=19696]
  0x00000224d52c0900 GCTaskThread "GC Thread#5" [stack: 0x0000002ada800000,0x0000002ada900000] [id=8420]
  0x00000224d545c8f0 GCTaskThread "GC Thread#6" [stack: 0x0000002ada900000,0x0000002adaa00000] [id=14464]
  0x00000224d58b6f90 GCTaskThread "GC Thread#7" [stack: 0x0000002adaa00000,0x0000002adab00000] [id=20688]
  0x00000224b1056be0 ConcurrentGCThread "G1 Main Marker" [stack: 0x0000002ad9100000,0x0000002ad9200000] [id=16240]
  0x00000224b10575f0 ConcurrentGCThread "G1 Conc#0" [stack: 0x0000002ad9200000,0x0000002ad9300000] [id=18912]
  0x00000224d3b740f0 ConcurrentGCThread "G1 Refine#0" [stack: 0x0000002ad9300000,0x0000002ad9400000] [id=7532]
  0x00000224d3b74b10 ConcurrentGCThread "G1 Service" [stack: 0x0000002ad9400000,0x0000002ad9500000] [id=14740]

Threads with active compile tasks:
C2 CompilerThread0     2581 3865       4       org.apache.maven.model.inheritance.DefaultInheritanceAssembler$InheritanceModelMerger::mergePlugin (71 bytes)
C1 CompilerThread0     2581 3977       3       org.apache.maven.model.Scm::getLocation (304 bytes)
C2 CompilerThread1     2581 3860       4       org.codehaus.plexus.util.xml.Xpp3DomBuilder::build (413 bytes)
C2 CompilerThread2     2581 3891   !   4       org.codehaus.plexus.interpolation.StringSearchInterpolator::interpolate (668 bytes)

VM state: not at safepoint (normal execution)

VM Mutex/Monitor currently owned by a thread: None

Heap address: 0x0000000702000000, size: 4064 MB, Compressed Oops mode: Zero based, Oop shift amount: 3

CDS archive(s) mapped at: [0x0000000800000000-0x0000000800bc0000-0x0000000800bc0000), size 12320768, SharedBaseAddress: 0x0000000800000000, ArchiveRelocationMode: 0.
Compressed class space mapped at: 0x0000000800c00000-0x0000000840c00000, reserved size: 1073741824
Narrow klass base: 0x0000000800000000, Narrow klass shift: 0, Narrow klass range: 0x100000000

GC Precious Log:
 CPUs: 8 total, 8 available
 Memory: 16248M
 Large Page Support: Disabled
 NUMA Support: Disabled
 Compressed Oops: Enabled (Zero based)
 Heap Region Size: 2M
 Heap Min Capacity: 8M
 Heap Initial Capacity: 254M
 Heap Max Capacity: 4064M
 Pre-touch: Disabled
 Parallel Workers: 8
 Concurrent Workers: 2
 Concurrent Refinement Workers: 8
 Periodic GC: Disabled

Heap:
 garbage-first heap   total 260096K, used 106021K [0x0000000702000000, 0x0000000800000000)
  region size 2048K, 52 young (106496K), 2 survivors (4096K)
 Metaspace       used 15293K, committed 15488K, reserved 1064960K
  class space    used 1769K, committed 1856K, reserved 1048576K

Heap Regions: E=young(eden), S=young(survivor), O=old, HS=humongous(starts), HC=humongous(continues), CS=collection set, F=free, OA=open archive, CA=closed archive, TAMS=top-at-mark-start (previous, next)
|   0|0x0000000702000000, 0x0000000702200000, 0x0000000702200000|100%| O|  |TAMS 0x0000000702000000, 0x0000000702000000| Untracked 
|   1|0x0000000702200000, 0x0000000702359c00, 0x0000000702400000| 67%| O|  |TAMS 0x0000000702200000, 0x0000000702200000| Untracked 
|   2|0x0000000702400000, 0x0000000702400000, 0x0000000702600000|  0%| F|  |TAMS 0x0000000702400000, 0x0000000702400000| Untracked 
|   3|0x0000000702600000, 0x0000000702600000, 0x0000000702800000|  0%| F|  |TAMS 0x0000000702600000, 0x0000000702600000| Untracked 
|   4|0x0000000702800000, 0x0000000702800000, 0x0000000702a00000|  0%| F|  |TAMS 0x0000000702800000, 0x0000000702800000| Untracked 
|   5|0x0000000702a00000, 0x0000000702a00000, 0x0000000702c00000|  0%| F|  |TAMS 0x0000000702a00000, 0x0000000702a00000| Untracked 
|   6|0x0000000702c00000, 0x0000000702c00000, 0x0000000702e00000|  0%| F|  |TAMS 0x0000000702c00000, 0x0000000702c00000| Untracked 
|   7|0x0000000702e00000, 0x0000000702e00000, 0x0000000703000000|  0%| F|  |TAMS 0x0000000702e00000, 0x0000000702e00000| Untracked 
|   8|0x0000000703000000, 0x0000000703000000, 0x0000000703200000|  0%| F|  |TAMS 0x0000000703000000, 0x0000000703000000| Untracked 
|   9|0x0000000703200000, 0x0000000703200000, 0x0000000703400000|  0%| F|  |TAMS 0x0000000703200000, 0x0000000703200000| Untracked 
|  10|0x0000000703400000, 0x0000000703400000, 0x0000000703600000|  0%| F|  |TAMS 0x0000000703400000, 0x0000000703400000| Untracked 
|  11|0x0000000703600000, 0x0000000703600000, 0x0000000703800000|  0%| F|  |TAMS 0x0000000703600000, 0x0000000703600000| Untracked 
|  12|0x0000000703800000, 0x0000000703800000, 0x0000000703a00000|  0%| F|  |TAMS 0x0000000703800000, 0x0000000703800000| Untracked 
|  13|0x0000000703a00000, 0x0000000703a00000, 0x0000000703c00000|  0%| F|  |TAMS 0x0000000703a00000, 0x0000000703a00000| Untracked 
|  14|0x0000000703c00000, 0x0000000703c00000, 0x0000000703e00000|  0%| F|  |TAMS 0x0000000703c00000, 0x0000000703c00000| Untracked 
|  15|0x0000000703e00000, 0x0000000703e00000, 0x0000000704000000|  0%| F|  |TAMS 0x0000000703e00000, 0x0000000703e00000| Untracked 
|  16|0x0000000704000000, 0x0000000704000000, 0x0000000704200000|  0%| F|  |TAMS 0x0000000704000000, 0x0000000704000000| Untracked 
|  17|0x0000000704200000, 0x0000000704200000, 0x0000000704400000|  0%| F|  |TAMS 0x0000000704200000, 0x0000000704200000| Untracked 
|  18|0x0000000704400000, 0x0000000704400000, 0x0000000704600000|  0%| F|  |TAMS 0x0000000704400000, 0x0000000704400000| Untracked 
|  19|0x0000000704600000, 0x0000000704600000, 0x0000000704800000|  0%| F|  |TAMS 0x0000000704600000, 0x0000000704600000| Untracked 
|  20|0x0000000704800000, 0x0000000704800000, 0x0000000704a00000|  0%| F|  |TAMS 0x0000000704800000, 0x0000000704800000| Untracked 
|  21|0x0000000704a00000, 0x0000000704a00000, 0x0000000704c00000|  0%| F|  |TAMS 0x0000000704a00000, 0x0000000704a00000| Untracked 
|  22|0x0000000704c00000, 0x0000000704c00000, 0x0000000704e00000|  0%| F|  |TAMS 0x0000000704c00000, 0x0000000704c00000| Untracked 
|  23|0x0000000704e00000, 0x0000000704e00000, 0x0000000705000000|  0%| F|  |TAMS 0x0000000704e00000, 0x0000000704e00000| Untracked 
|  24|0x0000000705000000, 0x0000000705000000, 0x0000000705200000|  0%| F|  |TAMS 0x0000000705000000, 0x0000000705000000| Untracked 
|  25|0x0000000705200000, 0x0000000705200000, 0x0000000705400000|  0%| F|  |TAMS 0x0000000705200000, 0x0000000705200000| Untracked 
|  26|0x0000000705400000, 0x0000000705400000, 0x0000000705600000|  0%| F|  |TAMS 0x0000000705400000, 0x0000000705400000| Untracked 
|  27|0x0000000705600000, 0x0000000705600000, 0x0000000705800000|  0%| F|  |TAMS 0x0000000705600000, 0x0000000705600000| Untracked 
|  28|0x0000000705800000, 0x0000000705800000, 0x0000000705a00000|  0%| F|  |TAMS 0x0000000705800000, 0x0000000705800000| Untracked 
|  29|0x0000000705a00000, 0x0000000705a00000, 0x0000000705c00000|  0%| F|  |TAMS 0x0000000705a00000, 0x0000000705a00000| Untracked 
|  30|0x0000000705c00000, 0x0000000705c00000, 0x0000000705e00000|  0%| F|  |TAMS 0x0000000705c00000, 0x0000000705c00000| Untracked 
|  31|0x0000000705e00000, 0x0000000705e00000, 0x0000000706000000|  0%| F|  |TAMS 0x0000000705e00000, 0x0000000705e00000| Untracked 
|  32|0x0000000706000000, 0x0000000706000000, 0x0000000706200000|  0%| F|  |TAMS 0x0000000706000000, 0x0000000706000000| Untracked 
|  33|0x0000000706200000, 0x0000000706200000, 0x0000000706400000|  0%| F|  |TAMS 0x0000000706200000, 0x0000000706200000| Untracked 
|  34|0x0000000706400000, 0x0000000706400000, 0x0000000706600000|  0%| F|  |TAMS 0x0000000706400000, 0x0000000706400000| Untracked 
|  35|0x0000000706600000, 0x0000000706600000, 0x0000000706800000|  0%| F|  |TAMS 0x0000000706600000, 0x0000000706600000| Untracked 
|  36|0x0000000706800000, 0x0000000706800000, 0x0000000706a00000|  0%| F|  |TAMS 0x0000000706800000, 0x0000000706800000| Untracked 
|  37|0x0000000706a00000, 0x0000000706a00000, 0x0000000706c00000|  0%| F|  |TAMS 0x0000000706a00000, 0x0000000706a00000| Untracked 
|  38|0x0000000706c00000, 0x0000000706c00000, 0x0000000706e00000|  0%| F|  |TAMS 0x0000000706c00000, 0x0000000706c00000| Untracked 
|  39|0x0000000706e00000, 0x0000000706e00000, 0x0000000707000000|  0%| F|  |TAMS 0x0000000706e00000, 0x0000000706e00000| Untracked 
|  40|0x0000000707000000, 0x0000000707000000, 0x0000000707200000|  0%| F|  |TAMS 0x0000000707000000, 0x0000000707000000| Untracked 
|  41|0x0000000707200000, 0x0000000707200000, 0x0000000707400000|  0%| F|  |TAMS 0x0000000707200000, 0x0000000707200000| Untracked 
|  42|0x0000000707400000, 0x0000000707400000, 0x0000000707600000|  0%| F|  |TAMS 0x0000000707400000, 0x0000000707400000| Untracked 
|  43|0x0000000707600000, 0x0000000707600000, 0x0000000707800000|  0%| F|  |TAMS 0x0000000707600000, 0x0000000707600000| Untracked 
|  44|0x0000000707800000, 0x0000000707800000, 0x0000000707a00000|  0%| F|  |TAMS 0x0000000707800000, 0x0000000707800000| Untracked 
|  45|0x0000000707a00000, 0x0000000707a00000, 0x0000000707c00000|  0%| F|  |TAMS 0x0000000707a00000, 0x0000000707a00000| Untracked 
|  46|0x0000000707c00000, 0x0000000707c00000, 0x0000000707e00000|  0%| F|  |TAMS 0x0000000707c00000, 0x0000000707c00000| Untracked 
|  47|0x0000000707e00000, 0x0000000707e00000, 0x0000000708000000|  0%| F|  |TAMS 0x0000000707e00000, 0x0000000707e00000| Untracked 
|  48|0x0000000708000000, 0x0000000708000000, 0x0000000708200000|  0%| F|  |TAMS 0x0000000708000000, 0x0000000708000000| Untracked 
|  49|0x0000000708200000, 0x0000000708200000, 0x0000000708400000|  0%| F|  |TAMS 0x0000000708200000, 0x0000000708200000| Untracked 
|  50|0x0000000708400000, 0x0000000708400000, 0x0000000708600000|  0%| F|  |TAMS 0x0000000708400000, 0x0000000708400000| Untracked 
|  51|0x0000000708600000, 0x0000000708600000, 0x0000000708800000|  0%| F|  |TAMS 0x0000000708600000, 0x0000000708600000| Untracked 
|  52|0x0000000708800000, 0x0000000708800000, 0x0000000708a00000|  0%| F|  |TAMS 0x0000000708800000, 0x0000000708800000| Untracked 
|  53|0x0000000708a00000, 0x0000000708a00000, 0x0000000708c00000|  0%| F|  |TAMS 0x0000000708a00000, 0x0000000708a00000| Untracked 
|  54|0x0000000708c00000, 0x0000000708c00000, 0x0000000708e00000|  0%| F|  |TAMS 0x0000000708c00000, 0x0000000708c00000| Untracked 
|  55|0x0000000708e00000, 0x0000000708e00000, 0x0000000709000000|  0%| F|  |TAMS 0x0000000708e00000, 0x0000000708e00000| Untracked 
|  56|0x0000000709000000, 0x0000000709000000, 0x0000000709200000|  0%| F|  |TAMS 0x0000000709000000, 0x0000000709000000| Untracked 
|  57|0x0000000709200000, 0x0000000709200000, 0x0000000709400000|  0%| F|  |TAMS 0x0000000709200000, 0x0000000709200000| Untracked 
|  58|0x0000000709400000, 0x0000000709400000, 0x0000000709600000|  0%| F|  |TAMS 0x0000000709400000, 0x0000000709400000| Untracked 
|  59|0x0000000709600000, 0x0000000709600000, 0x0000000709800000|  0%| F|  |TAMS 0x0000000709600000, 0x0000000709600000| Untracked 
|  60|0x0000000709800000, 0x0000000709800000, 0x0000000709a00000|  0%| F|  |TAMS 0x0000000709800000, 0x0000000709800000| Untracked 
|  61|0x0000000709a00000, 0x0000000709a00000, 0x0000000709c00000|  0%| F|  |TAMS 0x0000000709a00000, 0x0000000709a00000| Untracked 
|  62|0x0000000709c00000, 0x0000000709c00000, 0x0000000709e00000|  0%| F|  |TAMS 0x0000000709c00000, 0x0000000709c00000| Untracked 
|  63|0x0000000709e00000, 0x0000000709e00000, 0x000000070a000000|  0%| F|  |TAMS 0x0000000709e00000, 0x0000000709e00000| Untracked 
|  64|0x000000070a000000, 0x000000070a000000, 0x000000070a200000|  0%| F|  |TAMS 0x000000070a000000, 0x000000070a000000| Untracked 
|  65|0x000000070a200000, 0x000000070a200000, 0x000000070a400000|  0%| F|  |TAMS 0x000000070a200000, 0x000000070a200000| Untracked 
|  66|0x000000070a400000, 0x000000070a400000, 0x000000070a600000|  0%| F|  |TAMS 0x000000070a400000, 0x000000070a400000| Untracked 
|  67|0x000000070a600000, 0x000000070a600000, 0x000000070a800000|  0%| F|  |TAMS 0x000000070a600000, 0x000000070a600000| Untracked 
|  68|0x000000070a800000, 0x000000070a800000, 0x000000070aa00000|  0%| F|  |TAMS 0x000000070a800000, 0x000000070a800000| Untracked 
|  69|0x000000070aa00000, 0x000000070aa00000, 0x000000070ac00000|  0%| F|  |TAMS 0x000000070aa00000, 0x000000070aa00000| Untracked 
|  70|0x000000070ac00000, 0x000000070ac00000, 0x000000070ae00000|  0%| F|  |TAMS 0x000000070ac00000, 0x000000070ac00000| Untracked 
|  71|0x000000070ae00000, 0x000000070ae00000, 0x000000070b000000|  0%| F|  |TAMS 0x000000070ae00000, 0x000000070ae00000| Untracked 
|  72|0x000000070b000000, 0x000000070b000000, 0x000000070b200000|  0%| F|  |TAMS 0x000000070b000000, 0x000000070b000000| Untracked 
|  73|0x000000070b200000, 0x000000070b200000, 0x000000070b400000|  0%| F|  |TAMS 0x000000070b200000, 0x000000070b200000| Untracked 
|  74|0x000000070b400000, 0x000000070b400000, 0x000000070b600000|  0%| F|  |TAMS 0x000000070b400000, 0x000000070b400000| Untracked 
|  75|0x000000070b600000, 0x000000070b800000, 0x000000070b800000|100%| E|  |TAMS 0x000000070b600000, 0x000000070b600000| Complete 
|  76|0x000000070b800000, 0x000000070ba00000, 0x000000070ba00000|100%| E|CS|TAMS 0x000000070b800000, 0x000000070b800000| Complete 
|  77|0x000000070ba00000, 0x000000070bc00000, 0x000000070bc00000|100%| E|CS|TAMS 0x000000070ba00000, 0x000000070ba00000| Complete 
|  78|0x000000070bc00000, 0x000000070be00000, 0x000000070be00000|100%| E|CS|TAMS 0x000000070bc00000, 0x000000070bc00000| Complete 
|  79|0x000000070be00000, 0x000000070c000000, 0x000000070c000000|100%| E|CS|TAMS 0x000000070be00000, 0x000000070be00000| Complete 
|  80|0x000000070c000000, 0x000000070c200000, 0x000000070c200000|100%| E|CS|TAMS 0x000000070c000000, 0x000000070c000000| Complete 
|  81|0x000000070c200000, 0x000000070c400000, 0x000000070c400000|100%| E|CS|TAMS 0x000000070c200000, 0x000000070c200000| Complete 
|  82|0x000000070c400000, 0x000000070c600000, 0x000000070c600000|100%| E|CS|TAMS 0x000000070c400000, 0x000000070c400000| Complete 
|  83|0x000000070c600000, 0x000000070c800000, 0x000000070c800000|100%| E|CS|TAMS 0x000000070c600000, 0x000000070c600000| Complete 
|  84|0x000000070c800000, 0x000000070ca00000, 0x000000070ca00000|100%| E|CS|TAMS 0x000000070c800000, 0x000000070c800000| Complete 
|  85|0x000000070ca00000, 0x000000070cc00000, 0x000000070cc00000|100%| E|CS|TAMS 0x000000070ca00000, 0x000000070ca00000| Complete 
|  86|0x000000070cc00000, 0x000000070ce00000, 0x000000070ce00000|100%| E|CS|TAMS 0x000000070cc00000, 0x000000070cc00000| Complete 
|  87|0x000000070ce00000, 0x000000070d000000, 0x000000070d000000|100%| E|CS|TAMS 0x000000070ce00000, 0x000000070ce00000| Complete 
|  88|0x000000070d000000, 0x000000070d200000, 0x000000070d200000|100%| E|CS|TAMS 0x000000070d000000, 0x000000070d000000| Complete 
|  89|0x000000070d200000, 0x000000070d400000, 0x000000070d400000|100%| E|CS|TAMS 0x000000070d200000, 0x000000070d200000| Complete 
|  90|0x000000070d400000, 0x000000070d600000, 0x000000070d600000|100%| E|CS|TAMS 0x000000070d400000, 0x000000070d400000| Complete 
|  91|0x000000070d600000, 0x000000070d800000, 0x000000070d800000|100%| E|CS|TAMS 0x000000070d600000, 0x000000070d600000| Complete 
|  92|0x000000070d800000, 0x000000070da00000, 0x000000070da00000|100%| E|CS|TAMS 0x000000070d800000, 0x000000070d800000| Complete 
|  93|0x000000070da00000, 0x000000070dc00000, 0x000000070dc00000|100%| E|CS|TAMS 0x000000070da00000, 0x000000070da00000| Complete 
|  94|0x000000070dc00000, 0x000000070de00000, 0x000000070de00000|100%| E|CS|TAMS 0x000000070dc00000, 0x000000070dc00000| Complete 
|  95|0x000000070de00000, 0x000000070e000000, 0x000000070e000000|100%| E|CS|TAMS 0x000000070de00000, 0x000000070de00000| Complete 
|  96|0x000000070e000000, 0x000000070e200000, 0x000000070e200000|100%| E|CS|TAMS 0x000000070e000000, 0x000000070e000000| Complete 
|  97|0x000000070e200000, 0x000000070e400000, 0x000000070e400000|100%| E|CS|TAMS 0x000000070e200000, 0x000000070e200000| Complete 
|  98|0x000000070e400000, 0x000000070e600000, 0x000000070e600000|100%| E|CS|TAMS 0x000000070e400000, 0x000000070e400000| Complete 
|  99|0x000000070e600000, 0x000000070e800000, 0x000000070e800000|100%| E|CS|TAMS 0x000000070e600000, 0x000000070e600000| Complete 
| 100|0x000000070e800000, 0x000000070ea00000, 0x000000070ea00000|100%| E|CS|TAMS 0x000000070e800000, 0x000000070e800000| Complete 
| 101|0x000000070ea00000, 0x000000070ec00000, 0x000000070ec00000|100%| E|CS|TAMS 0x000000070ea00000, 0x000000070ea00000| Complete 
| 102|0x000000070ec00000, 0x000000070ee00000, 0x000000070ee00000|100%| E|CS|TAMS 0x000000070ec00000, 0x000000070ec00000| Complete 
| 103|0x000000070ee00000, 0x000000070f000000, 0x000000070f000000|100%| E|CS|TAMS 0x000000070ee00000, 0x000000070ee00000| Complete 
| 104|0x000000070f000000, 0x000000070f200000, 0x000000070f200000|100%| E|CS|TAMS 0x000000070f000000, 0x000000070f000000| Complete 
| 105|0x000000070f200000, 0x000000070f400000, 0x000000070f400000|100%| E|CS|TAMS 0x000000070f200000, 0x000000070f200000| Complete 
| 106|0x000000070f400000, 0x000000070f600000, 0x000000070f600000|100%| E|CS|TAMS 0x000000070f400000, 0x000000070f400000| Complete 
| 107|0x000000070f600000, 0x000000070f800000, 0x000000070f800000|100%| E|CS|TAMS 0x000000070f600000, 0x000000070f600000| Complete 
| 108|0x000000070f800000, 0x000000070f82f950, 0x000000070fa00000|  9%| S|CS|TAMS 0x000000070f800000, 0x000000070f800000| Complete 
| 109|0x000000070fa00000, 0x000000070fc00000, 0x000000070fc00000|100%| S|CS|TAMS 0x000000070fa00000, 0x000000070fa00000| Complete 
| 110|0x000000070fc00000, 0x000000070fe00000, 0x000000070fe00000|100%| E|CS|TAMS 0x000000070fc00000, 0x000000070fc00000| Complete 
| 111|0x000000070fe00000, 0x0000000710000000, 0x0000000710000000|100%| E|CS|TAMS 0x000000070fe00000, 0x000000070fe00000| Complete 
| 112|0x0000000710000000, 0x0000000710200000, 0x0000000710200000|100%| E|CS|TAMS 0x0000000710000000, 0x0000000710000000| Complete 
| 113|0x0000000710200000, 0x0000000710400000, 0x0000000710400000|100%| E|CS|TAMS 0x0000000710200000, 0x0000000710200000| Complete 
| 114|0x0000000710400000, 0x0000000710600000, 0x0000000710600000|100%| E|CS|TAMS 0x0000000710400000, 0x0000000710400000| Complete 
| 115|0x0000000710600000, 0x0000000710800000, 0x0000000710800000|100%| E|CS|TAMS 0x0000000710600000, 0x0000000710600000| Complete 
| 116|0x0000000710800000, 0x0000000710a00000, 0x0000000710a00000|100%| E|CS|TAMS 0x0000000710800000, 0x0000000710800000| Complete 
| 117|0x0000000710a00000, 0x0000000710c00000, 0x0000000710c00000|100%| E|CS|TAMS 0x0000000710a00000, 0x0000000710a00000| Complete 
| 118|0x0000000710c00000, 0x0000000710e00000, 0x0000000710e00000|100%| E|CS|TAMS 0x0000000710c00000, 0x0000000710c00000| Complete 
| 119|0x0000000710e00000, 0x0000000711000000, 0x0000000711000000|100%| E|CS|TAMS 0x0000000710e00000, 0x0000000710e00000| Complete 
| 120|0x0000000711000000, 0x0000000711200000, 0x0000000711200000|100%| E|CS|TAMS 0x0000000711000000, 0x0000000711000000| Complete 
| 121|0x0000000711200000, 0x0000000711400000, 0x0000000711400000|100%| E|CS|TAMS 0x0000000711200000, 0x0000000711200000| Complete 
| 122|0x0000000711400000, 0x0000000711600000, 0x0000000711600000|100%| E|CS|TAMS 0x0000000711400000, 0x0000000711400000| Complete 
| 123|0x0000000711600000, 0x0000000711800000, 0x0000000711800000|100%| E|CS|TAMS 0x0000000711600000, 0x0000000711600000| Complete 
| 124|0x0000000711800000, 0x0000000711a00000, 0x0000000711a00000|100%| E|CS|TAMS 0x0000000711800000, 0x0000000711800000| Complete 
| 125|0x0000000711a00000, 0x0000000711c00000, 0x0000000711c00000|100%| E|CS|TAMS 0x0000000711a00000, 0x0000000711a00000| Complete 
| 126|0x0000000711c00000, 0x0000000711e00000, 0x0000000711e00000|100%| E|CS|TAMS 0x0000000711c00000, 0x0000000711c00000| Complete 

Card table byte_map: [0x00000224c8360000,0x00000224c8b50000] _byte_map_base: 0x00000224c4b50000

Marking Bits (Prev, Next): (CMBitMap*) 0x00000224b10464b0, (CMBitMap*) 0x00000224b10464f0
 Prev Bits: [0x00000224c9340000, 0x00000224cd2c0000)
 Next Bits: [0x00000224cd2c0000, 0x00000224d1240000)

Polling page: 0x00000224aef40000

Metaspace:

Usage:
  Non-class:     13.21 MB used.
      Class:      1.73 MB used.
       Both:     14.94 MB used.

Virtual space:
  Non-class space:       16.00 MB reserved,      13.31 MB ( 83%) committed,  2 nodes.
      Class space:        1.00 GB reserved,       1.81 MB ( <1%) committed,  1 nodes.
             Both:        1.02 GB reserved,      15.12 MB (  1%) committed. 

Chunk freelists:
   Non-Class:  2.02 MB
       Class:  2.01 MB
        Both:  4.02 MB

MaxMetaspaceSize: unlimited
CompressedClassSpaceSize: 1.00 GB
Initial GC threshold: 21.00 MB
Current GC threshold: 21.00 MB
CDS: on
MetaspaceReclaimPolicy: balanced
 - commit_granule_bytes: 65536.
 - commit_granule_words: 8192.
 - virtual_space_node_default_size: 1048576.
 - enlarge_chunks_in_place: 1.
 - new_chunks_are_fully_committed: 0.
 - uncommit_free_chunks: 1.
 - use_allocation_guard: 0.
 - handle_deallocations: 1.


Internal statistics:

num_allocs_failed_limit: 0.
num_arena_births: 94.
num_arena_deaths: 0.
num_vsnodes_births: 3.
num_vsnodes_deaths: 0.
num_space_committed: 242.
num_space_uncommitted: 0.
num_chunks_returned_to_freelist: 0.
num_chunks_taken_from_freelist: 621.
num_chunk_merges: 0.
num_chunk_splits: 428.
num_chunks_enlarged: 340.
num_purges: 0.
num_inconsistent_stats: 0.

CodeHeap 'non-profiled nmethods': size=120000Kb used=1978Kb max_used=1978Kb free=118021Kb
 bounds [0x00000224c0310000, 0x00000224c0580000, 0x00000224c7840000]
CodeHeap 'profiled nmethods': size=120000Kb used=8177Kb max_used=8177Kb free=111823Kb
 bounds [0x00000224b8de0000, 0x00000224b95e0000, 0x00000224c0310000]
CodeHeap 'non-nmethods': size=5760Kb used=1179Kb max_used=1245Kb free=4580Kb
 bounds [0x00000224b8840000, 0x00000224b8ab0000, 0x00000224b8de0000]
 total_blobs=4443 nmethods=3972 adapters=383
 compilation: enabled
              stopped_count=0, restarted_count=0
 full_count=0

Compilation events (20 events):
Event: 2.522 Thread 0x00000224d3cd7a60 nmethod 3943 0x00000224b95a8d10 code [0x00000224b95a8f20, 0x00000224b95a9748]
Event: 2.522 Thread 0x00000224d3cd7a60 3941       3       org.codehaus.plexus.util.xml.pull.MXParser::<init> (111 bytes)
Event: 2.523 Thread 0x00000224d3cd7a60 nmethod 3941 0x00000224b95a9990 code [0x00000224b95a9ba0, 0x00000224b95aa2b8]
Event: 2.523 Thread 0x00000224d3cd7a60 3946       3       org.apache.maven.building.FileSource::getLocation (8 bytes)
Event: 2.523 Thread 0x00000224d3cd7a60 nmethod 3946 0x00000224b95aa410 code [0x00000224b95aa5a0, 0x00000224b95aa6d8]
Event: 2.523 Thread 0x00000224d3cd7a60 3945       1       org.apache.maven.model.profile.DefaultProfileActivationContext::getProjectDirectory (5 bytes)
Event: 2.523 Thread 0x00000224d3cd7a60 nmethod 3945 0x00000224c04fdc90 code [0x00000224c04fde20, 0x00000224c04fdef8]
Event: 2.525 Thread 0x00000224d3cd7a60 3947       3       org.apache.maven.building.FileSource::getInputStream (12 bytes)
Event: 2.525 Thread 0x00000224d3cd7a60 nmethod 3947 0x00000224b95aa790 code [0x00000224b95aa940, 0x00000224b95aaae8]
Event: 2.526 Thread 0x00000224d3cd7a60 3948       3       java.util.regex.Pattern::newCharProperty (39 bytes)
Event: 2.527 Thread 0x00000224d3cd7a60 nmethod 3948 0x00000224b95aab90 code [0x00000224b95aada0, 0x00000224b95ab6b8]
Event: 2.527 Thread 0x00000224d3cd7a60 3949   !   3       java.util.regex.Pattern::RemoveQEQuoting (370 bytes)
Event: 2.529 Thread 0x00000224d3cd7a60 nmethod 3949 0x00000224b95ab890 code [0x00000224b95abb60, 0x00000224b95acd48]
Event: 2.529 Thread 0x00000224d3cd7a60 3950       3       org.apache.maven.model.merge.ModelMerger::mergeScm (64 bytes)
Event: 2.530 Thread 0x00000224d3cd7a60 nmethod 3950 0x00000224b95ad410 code [0x00000224b95ad600, 0x00000224b95adcc8]
Event: 2.530 Thread 0x00000224d3cd7a60 3951       3       org.apache.maven.model.building.DefaultModelProcessor::read (12 bytes)
Event: 2.530 Thread 0x00000224d3cd7a60 nmethod 3951 0x00000224b95ade90 code [0x00000224b95ae040, 0x00000224b95ae228]
Event: 2.530 Thread 0x00000224d3cd7a60 3952   !   3       org.apache.maven.model.io.DefaultModelReader::read (65 bytes)
Event: 2.531 Thread 0x00000224d3cd7a60 nmethod 3952 0x00000224b95ae310 code [0x00000224b95ae580, 0x00000224b95af138]
Event: 2.531 Thread 0x00000224d3cd7a60 3953   !   3       org.apache.maven.model.building.DefaultModelBuilder::readModel (614 bytes)

GC Heap History (4 events):
Event: 0.569 GC heap before
{Heap before GC invocations=0 (full 0):
 garbage-first heap   total 260096K, used 22528K [0x0000000702000000, 0x0000000800000000)
  region size 2048K, 11 young (22528K), 0 survivors (0K)
 Metaspace       used 5146K, committed 5312K, reserved 1056768K
  class space    used 618K, committed 704K, reserved 1048576K
}
Event: 0.573 GC heap after
{Heap after GC invocations=1 (full 0):
 garbage-first heap   total 260096K, used 3675K [0x0000000702000000, 0x0000000800000000)
  region size 2048K, 2 young (4096K), 2 survivors (4096K)
 Metaspace       used 5146K, committed 5312K, reserved 1056768K
  class space    used 618K, committed 704K, reserved 1048576K
}
Event: 1.198 GC heap before
{Heap before GC invocations=1 (full 0):
 garbage-first heap   total 260096K, used 34395K [0x0000000702000000, 0x0000000800000000)
  region size 2048K, 17 young (34816K), 2 survivors (4096K)
 Metaspace       used 10123K, committed 10304K, reserved 1064960K
  class space    used 1244K, committed 1344K, reserved 1048576K
}
Event: 1.203 GC heap after
{Heap after GC invocations=2 (full 0):
 garbage-first heap   total 260096K, used 5669K [0x0000000702000000, 0x0000000800000000)
  region size 2048K, 2 young (4096K), 2 survivors (4096K)
 Metaspace       used 10123K, committed 10304K, reserved 1064960K
  class space    used 1244K, committed 1344K, reserved 1048576K
}

Deoptimization events (20 events):
Event: 2.341 Thread 0x00000224b0ff7290 Uncommon trap: trap_request=0xffffff76 fr.pc=0x00000224c04d9ff0 relative=0x0000000000000250
Event: 2.341 Thread 0x00000224b0ff7290 Uncommon trap: reason=predicate action=maybe_recompile pc=0x00000224c04d9ff0 method=java.util.HashMap.keysToArray([Ljava/lang/Object;)[Ljava/lang/Object; @ 48 c2
Event: 2.341 Thread 0x00000224b0ff7290 DEOPT PACKING pc=0x00000224c04d9ff0 sp=0x0000002ad8ffbe40
Event: 2.341 Thread 0x00000224b0ff7290 DEOPT UNPACKING pc=0x00000224b88923a3 sp=0x0000002ad8ffbdd8 mode 2
Event: 2.431 Thread 0x00000224b0ff7290 Uncommon trap: trap_request=0xffffff45 fr.pc=0x00000224c038ae80 relative=0x00000000000005c0
Event: 2.431 Thread 0x00000224b0ff7290 Uncommon trap: reason=unstable_if action=reinterpret pc=0x00000224c038ae80 method=java.lang.String.regionMatches(ZILjava/lang/String;II)Z @ 21 c2
Event: 2.431 Thread 0x00000224b0ff7290 DEOPT PACKING pc=0x00000224c038ae80 sp=0x0000002ad8ffc040
Event: 2.431 Thread 0x00000224b0ff7290 DEOPT UNPACKING pc=0x00000224b88923a3 sp=0x0000002ad8ffbfe8 mode 2
Event: 2.437 Thread 0x00000224b0ff7290 Uncommon trap: trap_request=0xffffff45 fr.pc=0x00000224c04eec44 relative=0x0000000000001104
Event: 2.437 Thread 0x00000224b0ff7290 Uncommon trap: reason=unstable_if action=reinterpret pc=0x00000224c04eec44 method=org.apache.maven.model.merge.MavenModelMerger.mergePlugin_Executions(Lorg/apache/maven/model/Plugin;Lorg/apache/maven/model/Plugin;ZLjava/util/Map;)V @ 106 c2
Event: 2.437 Thread 0x00000224b0ff7290 DEOPT PACKING pc=0x00000224c04eec44 sp=0x0000002ad8ffbab0
Event: 2.437 Thread 0x00000224b0ff7290 DEOPT UNPACKING pc=0x00000224b88923a3 sp=0x0000002ad8ffba70 mode 2
Event: 2.505 Thread 0x00000224b0ff7290 Uncommon trap: trap_request=0xffffff45 fr.pc=0x00000224c04e5344 relative=0x0000000000002004
Event: 2.505 Thread 0x00000224b0ff7290 Uncommon trap: reason=unstable_if action=reinterpret pc=0x00000224c04e5344 method=java.lang.String.<init>([BIILjava/nio/charset/Charset;)V @ 144 c2
Event: 2.505 Thread 0x00000224b0ff7290 DEOPT PACKING pc=0x00000224c04e5344 sp=0x0000002ad8ffbd60
Event: 2.505 Thread 0x00000224b0ff7290 DEOPT UNPACKING pc=0x00000224b88923a3 sp=0x0000002ad8ffbd10 mode 2
Event: 2.505 Thread 0x00000224b0ff7290 Uncommon trap: trap_request=0xffffff45 fr.pc=0x00000224c04aed18 relative=0x0000000000000b98
Event: 2.505 Thread 0x00000224b0ff7290 Uncommon trap: reason=unstable_if action=reinterpret pc=0x00000224c04aed18 method=java.lang.String.<init>([BIILjava/nio/charset/Charset;)V @ 144 c2
Event: 2.505 Thread 0x00000224b0ff7290 DEOPT PACKING pc=0x00000224c04aed18 sp=0x0000002ad8ffbd70
Event: 2.505 Thread 0x00000224b0ff7290 DEOPT UNPACKING pc=0x00000224b88923a3 sp=0x0000002ad8ffbd10 mode 2

Classes unloaded (0 events):
No events

Classes redefined (0 events):
No events

Internal exceptions (20 events):
Event: 0.379 Thread 0x00000224b0ff7290 Exception <a 'java/lang/NoSuchMethodError'{0x000000071103bb40}: 'void java.lang.invoke.DirectMethodHandle$Holder.invokeSpecial(java.lang.Object, java.lang.Object, java.lang.Object)'> (0x000000071103bb40) 
thrown [t:\workspace\open\src\hotspot\share\interpreter\linkResolver.cpp, line 766]
Event: 0.413 Thread 0x00000224b0ff7290 Exception <a 'java/lang/NoSuchMethodError'{0x000000071116ccd0}: 'java.lang.Object java.lang.invoke.DirectMethodHandle$Holder.invokeInterface(java.lang.Object, java.lang.Object)'> (0x000000071116ccd0) 
thrown [t:\workspace\open\src\hotspot\share\interpreter\linkResolver.cpp, line 766]
Event: 0.414 Thread 0x00000224b0ff7290 Exception <a 'java/lang/NoSuchMethodError'{0x0000000711176020}: 'int java.lang.invoke.DirectMethodHandle$Holder.invokeSpecial(java.lang.Object, java.lang.Object, java.lang.Object)'> (0x0000000711176020) 
thrown [t:\workspace\open\src\hotspot\share\interpreter\linkResolver.cpp, line 766]
Event: 0.427 Thread 0x00000224b0ff7290 Exception <a 'java/lang/NoSuchMethodError'{0x0000000710e07fe8}: 'java.lang.Object java.lang.invoke.Invokers$Holder.invokeExact_MT(java.lang.Object, java.lang.Object, java.lang.Object, java.lang.Object, java.lang.Object, java.lang.Object)'> (0x0000000710e07fe8) 
thrown [t:\workspace\open\src\hotspot\share\interpreter\linkResolver.cpp, line 766]
Event: 0.430 Thread 0x00000224b0ff7290 Exception <a 'java/lang/NoSuchMethodError'{0x0000000710e1cf60}: 'int java.lang.invoke.DirectMethodHandle$Holder.invokeSpecialIFC(java.lang.Object, java.lang.Object, java.lang.Object, java.lang.Object, java.lang.Object)'> (0x0000000710e1cf60) 
thrown [t:\workspace\open\src\hotspot\share\interpreter\linkResolver.cpp, line 766]
Event: 0.472 Thread 0x00000224b0ff7290 Exception <a 'java/lang/NoSuchMethodError'{0x0000000710faca88}: 'java.lang.Object java.lang.invoke.DirectMethodHandle$Holder.newInvokeSpecial(java.lang.Object, java.lang.Object, java.lang.Object, java.lang.Object, java.lang.Object)'> (0x0000000710faca88) 
thrown [t:\workspace\open\src\hotspot\share\interpreter\linkResolver.cpp, line 766]
Event: 0.497 Thread 0x00000224b0ff7290 Exception <a 'java/lang/NoSuchMethodError'{0x0000000710caafe0}: 'int java.lang.invoke.DirectMethodHandle$Holder.invokeStaticInit(java.lang.Object, java.lang.Object)'> (0x0000000710caafe0) 
thrown [t:\workspace\open\src\hotspot\share\interpreter\linkResolver.cpp, line 766]
Event: 0.506 Thread 0x00000224b0ff7290 Exception <a 'java/lang/NoClassDefFoundError'{0x0000000710ce48d8}: javax/enterprise/inject/Typed> (0x0000000710ce48d8) 
thrown [t:\workspace\open\src\hotspot\share\classfile\systemDictionary.cpp, line 245]
Event: 0.718 Thread 0x00000224b0ff7290 Exception <a 'java/lang/NoSuchMethodError'{0x0000000711953788}: 'java.lang.Object java.lang.invoke.DirectMethodHandle$Holder.invokeStaticInit(java.lang.Object)'> (0x0000000711953788) 
thrown [t:\workspace\open\src\hotspot\share\interpreter\linkResolver.cpp, line 766]
Event: 1.175 Thread 0x00000224b0ff7290 Exception <a 'java/lang/NoSuchMethodError'{0x000000070fd089a8}: 'void java.lang.invoke.DirectMethodHandle$Holder.invokeStatic(java.lang.Object, java.lang.Object, java.lang.Object)'> (0x000000070fd089a8) 
thrown [t:\workspace\open\src\hotspot\share\interpreter\linkResolver.cpp, line 766]
Event: 1.175 Thread 0x00000224b0ff7290 Exception <a 'java/lang/NoSuchMethodError'{0x000000070fd0c0b8}: 'void java.lang.invoke.DirectMethodHandle$Holder.invokeStaticInit(java.lang.Object, java.lang.Object, java.lang.Object)'> (0x000000070fd0c0b8) 
thrown [t:\workspace\open\src\hotspot\share\interpreter\linkResolver.cpp, line 766]
Event: 1.179 Thread 0x00000224b0ff7290 Exception <a 'java/lang/ExceptionInInitializerError'{0x000000070fd36c38}> (0x000000070fd36c38) 
thrown [t:\workspace\open\src\hotspot\share\oops\instanceKlass.cpp, line 1163]
Event: 1.209 Thread 0x00000224b0ff7290 Implicit null exception at 0x00000224c038d82f to 0x00000224c038d994
Event: 1.211 Thread 0x00000224b0ff7290 Exception <a 'java/lang/NoSuchMethodError'{0x0000000711c453b8}: 'java.lang.Object java.lang.invoke.Invokers$Holder.invokeExact_MT(java.lang.Object, int, java.lang.Object)'> (0x0000000711c453b8) 
thrown [t:\workspace\open\src\hotspot\share\interpreter\linkResolver.cpp, line 766]
Event: 1.221 Thread 0x00000224b0ff7290 Exception <a 'java/lang/NoSuchMethodError'{0x0000000711cb2168}: 'void java.lang.invoke.DirectMethodHandle$Holder.invokeStatic(java.lang.Object, java.lang.Object)'> (0x0000000711cb2168) 
thrown [t:\workspace\open\src\hotspot\share\interpreter\linkResolver.cpp, line 766]
Event: 1.225 Thread 0x00000224b0ff7290 Exception <a 'java/lang/NoSuchMethodError'{0x0000000711cc1910}: 'int java.lang.invoke.DirectMethodHandle$Holder.invokeSpecial(java.lang.Object, java.lang.Object, java.lang.Object, java.lang.Object)'> (0x0000000711cc1910) 
thrown [t:\workspace\open\src\hotspot\share\interpreter\linkResolver.cpp, line 766]
Event: 1.435 Thread 0x00000224b0ff7290 Exception <a 'java/lang/NoClassDefFoundError'{0x00000007115616e8}: com/google/inject/servlet/ServletModuleTargetVisitor> (0x00000007115616e8) 
thrown [t:\workspace\open\src\hotspot\share\classfile\systemDictionary.cpp, line 245]
Event: 1.482 Thread 0x00000224b0ff7290 Exception <a 'java/lang/NoSuchMethodError'{0x00000007112e6148}: 'void java.lang.invoke.DirectMethodHandle$Holder.invokeVirtual(java.lang.Object, java.lang.Object)'> (0x00000007112e6148) 
thrown [t:\workspace\open\src\hotspot\share\interpreter\linkResolver.cpp, line 766]
Event: 1.499 Thread 0x00000224b0ff7290 Exception <a 'java/lang/NoSuchMethodError'{0x000000071135aea8}: 'java.lang.Object java.lang.invoke.DirectMethodHandle$Holder.invokeStaticInit(java.lang.Object, int, int, int, int)'> (0x000000071135aea8) 
thrown [t:\workspace\open\src\hotspot\share\interpreter\linkResolver.cpp, line 766]
Event: 1.794 Thread 0x00000224b0ff7290 Implicit null exception at 0x00000224c03880f2 to 0x00000224c038874c

VM Operations (20 events):
Event: 1.509 Executing VM operation: HandshakeAllThreads
Event: 1.509 Executing VM operation: HandshakeAllThreads done
Event: 1.514 Executing VM operation: ICBufferFull
Event: 1.514 Executing VM operation: ICBufferFull done
Event: 1.564 Executing VM operation: HandshakeAllThreads
Event: 1.564 Executing VM operation: HandshakeAllThreads done
Event: 1.565 Executing VM operation: HandshakeAllThreads
Event: 1.565 Executing VM operation: HandshakeAllThreads done
Event: 1.659 Executing VM operation: HandshakeAllThreads
Event: 1.659 Executing VM operation: HandshakeAllThreads done
Event: 1.659 Executing VM operation: HandshakeAllThreads
Event: 1.659 Executing VM operation: HandshakeAllThreads done
Event: 1.864 Executing VM operation: ICBufferFull
Event: 1.864 Executing VM operation: ICBufferFull done
Event: 2.100 Executing VM operation: HandshakeAllThreads
Event: 2.100 Executing VM operation: HandshakeAllThreads done
Event: 2.103 Executing VM operation: ICBufferFull
Event: 2.103 Executing VM operation: ICBufferFull done
Event: 2.358 Executing VM operation: ICBufferFull
Event: 2.358 Executing VM operation: ICBufferFull done

Events (20 events):
Event: 1.690 loading class sun/nio/ch/Util$BufferCache
Event: 1.690 loading class sun/nio/ch/Util$BufferCache done
Event: 1.690 loading class java/nio/DirectByteBuffer$Deallocator
Event: 1.690 loading class java/nio/DirectByteBuffer$Deallocator done
Event: 1.690 loading class sun/nio/ch/IOStatus
Event: 1.690 loading class sun/nio/ch/IOStatus done
Event: 1.690 loading class java/util/AbstractMap$2
Event: 1.690 loading class java/util/AbstractMap$2 done
Event: 1.690 loading class java/util/AbstractMap$2$1
Event: 1.690 loading class java/util/AbstractMap$2$1 done
Event: 1.699 loading class java/util/Formatter$FixedString
Event: 1.699 loading class java/util/Formatter$FixedString done
Event: 1.801 loading class java/util/LinkedList$LLSpliterator
Event: 1.801 loading class java/util/LinkedList$LLSpliterator done
Event: 1.804 loading class java/lang/invoke/MethodHandle$1
Event: 1.804 loading class java/lang/invoke/MethodHandle$1 done
Event: 1.951 loading class java/util/Collections$UnmodifiableList$1
Event: 1.951 loading class java/util/Collections$UnmodifiableList$1 done
Event: 2.081 loading class sun/nio/cs/ISO_8859_1$Decoder
Event: 2.081 loading class sun/nio/cs/ISO_8859_1$Decoder done


Dynamic libraries:
0x00007ff79c4f0000 - 0x00007ff79c4fe000 	C:\Program Files\Java\jdk-17.0.2\bin\java.exe
0x00007ff8da530000 - 0x00007ff8da728000 	C:\Windows\SYSTEM32\ntdll.dll
0x00007ff8d9ba0000 - 0x00007ff8d9c5d000 	C:\Windows\System32\KERNEL32.DLL
0x00007ff8d7e30000 - 0x00007ff8d8126000 	C:\Windows\System32\KERNELBASE.dll
0x00007ff8d7d30000 - 0x00007ff8d7e30000 	C:\Windows\System32\ucrtbase.dll
0x00007ff8cd7c0000 - 0x00007ff8cd7d8000 	C:\Program Files\Java\jdk-17.0.2\bin\jli.dll
0x00007ff8cd7e0000 - 0x00007ff8cd7fa000 	C:\Program Files\Java\jdk-17.0.2\bin\VCRUNTIME140.dll
0x00007ff8d8820000 - 0x00007ff8d89bf000 	C:\Windows\System32\USER32.dll
0x00007ff8d8130000 - 0x00007ff8d8152000 	C:\Windows\System32\win32u.dll
0x00007ff8c1df0000 - 0x00007ff8c208a000 	C:\Windows\WinSxS\amd64_microsoft.windows.common-controls_6595b64144ccf1df_6.0.19041.3636_none_60b6a03d71f818d5\COMCTL32.dll
0x00007ff8d93c0000 - 0x00007ff8d93eb000 	C:\Windows\System32\GDI32.dll
0x00007ff8d85d0000 - 0x00007ff8d866e000 	C:\Windows\System32\msvcrt.dll
0x00007ff8d7be0000 - 0x00007ff8d7cf7000 	C:\Windows\System32\gdi32full.dll
0x00007ff8d8160000 - 0x00007ff8d81fd000 	C:\Windows\System32\msvcp_win.dll
0x00007ff8d9c70000 - 0x00007ff8d9ca2000 	C:\Windows\System32\IMM32.DLL
0x00007ff8d0bb0000 - 0x00007ff8d0bbc000 	C:\Program Files\Java\jdk-17.0.2\bin\vcruntime140_1.dll
0x00007ff8b2990000 - 0x00007ff8b2a1d000 	C:\Program Files\Java\jdk-17.0.2\bin\msvcp140.dll
0x00007ff86d370000 - 0x00007ff86df31000 	C:\Program Files\Java\jdk-17.0.2\bin\server\jvm.dll
0x00007ff8d8aa0000 - 0x00007ff8d8b50000 	C:\Windows\System32\ADVAPI32.dll
0x00007ff8d93f0000 - 0x00007ff8d9490000 	C:\Windows\System32\sechost.dll
0x00007ff8d9a70000 - 0x00007ff8d9b93000 	C:\Windows\System32\RPCRT4.dll
0x00007ff8d7d00000 - 0x00007ff8d7d27000 	C:\Windows\System32\bcrypt.dll
0x00007ff8d8560000 - 0x00007ff8d8568000 	C:\Windows\System32\PSAPI.DLL
0x00007ff8c19d0000 - 0x00007ff8c19d9000 	C:\Windows\SYSTEM32\WSOCK32.dll
0x00007ff8d0900000 - 0x00007ff8d090a000 	C:\Windows\SYSTEM32\VERSION.dll
0x00007ff8c1550000 - 0x00007ff8c1577000 	C:\Windows\SYSTEM32\WINMM.dll
0x00007ff8d8e30000 - 0x00007ff8d8e9b000 	C:\Windows\System32\WS2_32.dll
0x00007ff8d6500000 - 0x00007ff8d6512000 	C:\Windows\SYSTEM32\kernel.appcore.dll
0x00007ff8ceca0000 - 0x00007ff8cecaa000 	C:\Program Files\Java\jdk-17.0.2\bin\jimage.dll
0x00007ff8d5740000 - 0x00007ff8d5924000 	C:\Windows\SYSTEM32\DBGHELP.DLL
0x00007ff8be750000 - 0x00007ff8be784000 	C:\Windows\SYSTEM32\dbgcore.DLL
0x00007ff8d8480000 - 0x00007ff8d8502000 	C:\Windows\System32\bcryptPrimitives.dll
0x00007ff8c8ce0000 - 0x00007ff8c8d05000 	C:\Program Files\Java\jdk-17.0.2\bin\java.dll
0x00007ff8b0d00000 - 0x00007ff8b0dd6000 	C:\Program Files\Java\jdk-17.0.2\bin\jsvml.dll
0x00007ff8d9cb0000 - 0x00007ff8da41b000 	C:\Windows\System32\SHELL32.dll
0x00007ff8d5930000 - 0x00007ff8d60ce000 	C:\Windows\SYSTEM32\windows.storage.dll
0x00007ff8d9490000 - 0x00007ff8d97e3000 	C:\Windows\System32\combase.dll
0x00007ff8d7530000 - 0x00007ff8d755e000 	C:\Windows\SYSTEM32\Wldp.dll
0x00007ff8da420000 - 0x00007ff8da4ed000 	C:\Windows\System32\OLEAUT32.dll
0x00007ff8d9870000 - 0x00007ff8d991d000 	C:\Windows\System32\SHCORE.dll
0x00007ff8d8d40000 - 0x00007ff8d8d95000 	C:\Windows\System32\shlwapi.dll
0x00007ff8d7b10000 - 0x00007ff8d7b33000 	C:\Windows\SYSTEM32\profapi.dll
0x00007ff8c8ad0000 - 0x00007ff8c8ae9000 	C:\Program Files\Java\jdk-17.0.2\bin\net.dll
0x00007ff8cef20000 - 0x00007ff8cf02a000 	C:\Windows\SYSTEM32\WINHTTP.dll
0x00007ff8d7310000 - 0x00007ff8d737a000 	C:\Windows\system32\mswsock.dll
0x00007ff8be0c0000 - 0x00007ff8be0d6000 	C:\Program Files\Java\jdk-17.0.2\bin\nio.dll
0x00007ff8be0a0000 - 0x00007ff8be0b8000 	C:\Program Files\Java\jdk-17.0.2\bin\zip.dll
0x0000000069ac0000 - 0x0000000069ae4000 	C:\Maven\apache-maven-3.9.0\lib\jansi-native\Windows\x86_64\jansi.dll
0x00007ff8c89a0000 - 0x00007ff8c89b0000 	C:\Program Files\Java\jdk-17.0.2\bin\verify.dll

dbghelp: loaded successfully - version: 4.0.5 - missing functions: none
symbol engine: initialized successfully - sym options: 0x614 - pdb path: .;C:\Program Files\Java\jdk-17.0.2\bin;C:\Windows\SYSTEM32;C:\Windows\WinSxS\amd64_microsoft.windows.common-controls_6595b64144ccf1df_6.0.19041.3636_none_60b6a03d71f818d5;C:\Program Files\Java\jdk-17.0.2\bin\server;C:\Maven\apache-maven-3.9.0\lib\jansi-native\Windows\x86_64

VM Arguments:
jvm_args: -Dclassworlds.conf=C:\Maven\apache-maven-3.9.0\bin\m2.conf -Dmaven.home=C:\Maven\apache-maven-3.9.0 -Dlibrary.jansi.path=C:\Maven\apache-maven-3.9.0\lib\jansi-native -Dmaven.multiModuleProjectDirectory=F:\AWS\Tasks\AWS_Serverless_tasks\task02 
java_command: org.codehaus.plexus.classworlds.launcher.Launcher clean install
java_class_path (initial): C:\Maven\apache-maven-3.9.0\boot\plexus-classworlds-2.6.0.jar
Launcher Type: SUN_STANDARD

[Global flags]
     intx CICompilerCount                          = 4                                         {product} {ergonomic}
     uint ConcGCThreads                            = 2                                         {product} {ergonomic}
     uint G1ConcRefinementThreads                  = 8                                         {product} {ergonomic}
   size_t G1HeapRegionSize                         = 2097152                                   {product} {ergonomic}
    uintx GCDrainStackTargetSize                   = 64                                        {product} {ergonomic}
   size_t InitialHeapSize                          = 266338304                                 {product} {ergonomic}
   size_t MarkStackSize                            = 4194304                                   {product} {ergonomic}
   size_t MaxHeapSize                              = 4261412864                                {product} {ergonomic}
   size_t MaxNewSize                               = 2556428288                                {product} {ergonomic}
   size_t MinHeapDeltaBytes                        = 2097152                                   {product} {ergonomic}
   size_t MinHeapSize                              = 8388608                                   {product} {ergonomic}
    uintx NonNMethodCodeHeapSize                   = 5839372                                {pd product} {ergonomic}
    uintx NonProfiledCodeHeapSize                  = 122909434                              {pd product} {ergonomic}
    uintx ProfiledCodeHeapSize                     = 122909434                              {pd product} {ergonomic}
    uintx ReservedCodeCacheSize                    = 251658240                              {pd product} {ergonomic}
     bool SegmentedCodeCache                       = true                                      {product} {ergonomic}
   size_t SoftMaxHeapSize                          = 4261412864                             {manageable} {ergonomic}
     bool UseCompressedClassPointers               = true                           {product lp64_product} {ergonomic}
     bool UseCompressedOops                        = true                           {product lp64_product} {ergonomic}
     bool UseG1GC                                  = true                                      {product} {ergonomic}
     bool UseLargePagesIndividualAllocation        = false                                  {pd product} {ergonomic}

Logging:
Log output configuration:
 #0: stdout all=warning uptime,level,tags
 #1: stderr all=off uptime,level,tags

Environment Variables:
JAVA_HOME=C:\Program Files\Java\jdk-17.0.2
PATH=C:\Program Files (x86)\Cuminas\Document Express DjVu Plug-in\;C:\Windows\system32;C:\Windows;C:\Windows\System32\Wbem;C:\Windows\System32\WindowsPowerShell\v1.0\;C:\Windows\System32\OpenSSH\;C:\Program Files\Git\cmd;C:\Users\yuriy.shevchenko\AppData\Local\Programs\Python\Python311\Scripts;C:\Maven\apache-maven-3.9.0\bin;C:\Program Files\dotnet\;C:\Program Files\Microsoft SQL Server\150\Tools\Binn\;C:\Program Files\Microsoft SQL Server\Client SDK\ODBC\170\Tools\Binn\;C:\apache-ant-1.10.12\bin;C:\Program Files (x86)\Intel\Intel(R) Management Engine Components\DAL;C:\Program Files\Intel\Intel(R) Management Engine Components\DAL;C:\Program Files\Docker\Docker\resources\bin;C:\ProgramData\DockerDesktop\version-bin;C:\Program Files\Java\jdk-17.0.2\bin;C:\gradle-8.1.1\bin;C:\Program Files\nodejs\;C:\Users\yuriy.shevchenko\AppData\Local\Programs\Python\Python311;C:\Program Files\Amazon\AWSCLIV2\;C:\Users\yuriy.shevchenko\AppData\Local\Microsoft\WindowsApps;C:\Users\yuriy.shevchenko\AppData\Local\Programs\Microsoft VS Code\bin;C:\Program Files\JetBrains\IntelliJ IDEA 2021.3.3\bin;;C:\Users\yuriy.shevchenko\.dotnet\tools;C:\Users\yuriy.shevchenko\AppData\Roaming\npm;C:\Users\yuriy.shevchenko\AppData\Local\Programs\Python\Python311\Scripts;
USERNAME=Yuriy.Shevchenko
OS=Windows_NT
PROCESSOR_IDENTIFIER=Intel64 Family 6 Model 142 Stepping 10, GenuineIntel



---------------  S Y S T E M  ---------------

OS:
 Windows 10 , 64 bit Build 19041 (10.0.19041.3636)
OS uptime: 0 days 14:19 hours
Hyper-V role detected

CPU: total 8 (initial active 8) (4 cores per cpu, 2 threads per core) family 6 model 142 stepping 10 microcode 0xec, cx8, cmov, fxsr, ht, mmx, 3dnowpref, sse, sse2, sse3, ssse3, sse4.1, sse4.2, popcnt, lzcnt, tsc, tscinvbit, avx, avx2, aes, erms, clmul, bmi1, bmi2, adx, fma, vzeroupper, clflush, clflushopt, hv

Memory: 4k page, system-wide physical 16248M (3910M free)
TotalPageFile size 19248M (AvailPageFile size 0M)
current process WorkingSet (physical memory assigned to process): 198M, peak: 198M
current process commit charge ("private bytes"): 396M, peak: 397M

vm_info: OpenJDK 64-Bit Server VM (17.0.2+8-86) for windows-amd64 JRE (17.0.2+8-86), built on Dec  7 2021 21:49:10 by "mach5one" with MS VC++ 16.8 / 16.9 (VS2019)

END.
